[2017-10-23][11:35:02][tectonic_server::server][INFO] Trying to bind to addr: 0.0.0.0:9001
[2017-10-23][11:35:02][tectonic_server::server][DEBUG] Autoflush is false: every 1000 inserts.
[2017-10-23][11:35:02][tectonic_server::server][INFO] Listening on addr: 0.0.0.0:9001
[2017-10-23][11:36:1508772975][tectonic_server::server][INFO] Trying to bind to addr: 0.0.0.0:9001
[2017-10-23][11:36:1508772975][tectonic_server::server][DEBUG] Autoflush is false: every 1000 inserts.
[2017-10-23][11:36:1508772975][tectonic_server::server][INFO] Listening on addr: 0.0.0.0:9001
[2017-10-23][11:39:38:206002967][tectonic_server::server][INFO] Trying to bind to addr: 0.0.0.0:9001
[2017-10-23][11:39:38:206150996][tectonic_server::server][DEBUG] Autoflush is false: every 1000 inserts.
[2017-10-23][11:39:38:206252107][tectonic_server::server][INFO] Listening on addr: 0.0.0.0:9001
[2017-10-23][11:40:55:096987503][tectonic_server::server][INFO] Trying to bind to addr: 0.0.0.0:9001
[2017-10-23][11:40:55:097118164][tectonic_server::server][DEBUG] Autoflush is false: every 1000 inserts.
[2017-10-23][11:40:55:097212623][tectonic_server::server][INFO] Listening on addr: 0.0.0.0:9001
[2017-10-23][11:41:10:636579133][tectonic_server::server][INFO] Trying to bind to addr: 0.0.0.0:9001
[2017-10-23][11:41:10:636718436][tectonic_server::server][DEBUG] Autoflush is false: every 1000 inserts.
[2017-10-23][11:41:10:636804544][tectonic_server::server][INFO] Listening on addr: 0.0.0.0:9001
[2017-10-23][11:41:13:788360392][tectonic_server::server][INFO] Trying to bind to addr: 0.0.0.0:9001
[2017-10-23][11:41:13:788470408][tectonic_server::server][DEBUG] Autoflush is false: every 1000 inserts.
[2017-10-23][11:41:13:788547372][tectonic_server::server][INFO] Listening on addr: 0.0.0.0:9001
[2017-10-23][11:41:29:339622638][tectonic_server::server][INFO] Trying to bind to addr: 0.0.0.0:9001
[2017-10-23][11:41:29:339780222][tectonic_server::server][WARN] Autoflush is off!
[2017-10-23][11:41:29:339861360][tectonic_server::server][DEBUG] Autoflush is false: every 1000 inserts.
[2017-10-23][11:41:29:339961115][tectonic_server::server][INFO] Listening on addr: 0.0.0.0:9001
[2017-10-23][18:08:29:666833140][tectonic_server::server][INFO] Trying to bind to addr: 0.0.0.0:9001
[2017-10-23][18:08:29:666947653][tectonic_server::server][WARN] Autoflush is off!
[2017-10-23][18:08:29:667024843][tectonic_server::server][DEBUG] Autoflush is false: every 1000 inserts.
[2017-10-23][18:08:29:667157639][tectonic_server::server][INFO] Listening on addr: 0.0.0.0:9001
[2017-10-23][18:08:29:674898230][tectonic_server::server][INFO] Current total count: 0
[2017-10-23][18:08:33:319903202][tectonic_server::server][INFO] Trying to bind to addr: 0.0.0.0:9001
[2017-10-23][18:08:33:320032908][tectonic_server::server][WARN] Autoflush is off!
[2017-10-23][18:08:33:320101678][tectonic_server::server][DEBUG] Autoflush is false: every 1000 inserts.
[2017-10-23][18:08:33:320183761][tectonic_server::server][INFO] Listening on addr: 0.0.0.0:9001
[2017-10-23][18:08:33:323886096][tectonic_server::server][INFO] Current total count: 0
[2017-10-23][18:08:53:324224099][tectonic_server::server][INFO] Current total count: 0
[2017-10-23][18:08:53:324224115][tectonic_server::server][INFO] Client connected. Current: 1.
[2017-10-23][18:09:13:326435473][tectonic_server::server][INFO] Current total count: 0
[2017-10-23][18:09:33:327152136][tectonic_server::server][INFO] Current total count: 0
[2017-10-23][18:09:53:327414262][tectonic_server::server][INFO] Current total count: 0
[2017-10-23][18:10:13:327811706][tectonic_server::server][INFO] Current total count: 0
[2017-10-23][18:10:33:587554871][tectonic_server::server][INFO] Trying to bind to addr: 0.0.0.0:9001
[2017-10-23][18:10:33:587709700][tectonic_server::server][WARN] Autoflush is off!
[2017-10-23][18:10:33:587789570][tectonic_server::server][DEBUG] Autoflush is false: every 1000 inserts.
[2017-10-23][18:10:33:587888822][tectonic_server::server][INFO] Listening on addr: 0.0.0.0:9001
[2017-10-23][18:10:33:592675175][tectonic_server::server][INFO] Current total count: 0
[2017-10-23][18:10:36:579843877][tectonic_server::server][INFO] Client connected. Current: 1.
[2017-10-23][18:11:33:593047687][tectonic_server::server][INFO] Current total count: 0
[2017-10-23][18:12:33:593913551][tectonic_server::server][INFO] Current total count: 0
[2017-10-23][18:13:35:083418858][tectonic_server::server][INFO] Current total count: 0
[2017-10-23][18:14:35:084045556][tectonic_server::server][INFO] Current total count: 0
[2017-10-23][18:15:35:084844346][tectonic_server::server][INFO] Current total count: 0
[2017-10-23][18:16:35:085520546][tectonic_server::server][INFO] Current total count: 0
[2017-10-23][18:17:35:085884976][tectonic_server::server][INFO] Current total count: 0
[2017-10-23][18:18:35:086655394][tectonic_server::server][INFO] Current total count: 0
[2017-10-23][18:19:35:087203996][tectonic_server::server][INFO] Current total count: 0
[2017-10-23][18:20:35:087531616][tectonic_server::server][INFO] Current total count: 0
[2017-10-23][18:21:35:088114068][tectonic_server::server][INFO] Current total count: 0
[2017-10-23][18:22:35:088744113][tectonic_server::server][INFO] Current total count: 0
[2017-10-23][18:23:35:089198466][tectonic_server::server][INFO] Current total count: 0
[2017-10-23][18:24:35:090777035][tectonic_server::server][INFO] Current total count: 0
[2017-10-23][18:25:35:091461791][tectonic_server::server][INFO] Current total count: 0
[2017-10-23][18:26:35:091708816][tectonic_server::server][INFO] Current total count: 0
[2017-10-23][18:27:35:092270754][tectonic_server::server][INFO] Current total count: 0
[2017-10-23][18:28:35:092997390][tectonic_server::server][INFO] Current total count: 0
[2017-10-23][18:29:35:093693988][tectonic_server::server][INFO] Current total count: 0
[2017-10-23][18:30:35:094423792][tectonic_server::server][INFO] Current total count: 0
[2017-10-23][18:31:35:095191016][tectonic_server::server][INFO] Current total count: 0
[2017-10-23][18:32:35:095923690][tectonic_server::server][INFO] Current total count: 0
[2017-10-23][18:33:35:096723957][tectonic_server::server][INFO] Current total count: 0
[2017-10-23][18:34:35:097927333][tectonic_server::server][INFO] Current total count: 0
[2017-10-23][18:35:35:098748958][tectonic_server::server][INFO] Current total count: 0
[2017-10-23][18:36:35:099454575][tectonic_server::server][INFO] Current total count: 0
[2017-10-23][18:37:35:100128636][tectonic_server::server][INFO] Current total count: 0
[2017-10-23][18:38:35:100906983][tectonic_server::server][INFO] Current total count: 0
[2017-10-23][18:39:35:101727593][tectonic_server::server][INFO] Current total count: 0
[2017-10-23][18:40:35:102467280][tectonic_server::server][INFO] Current total count: 0
[2017-10-23][18:41:35:103286497][tectonic_server::server][INFO] Current total count: 0
[2017-10-23][18:59:45:744491874][tectonic_server::server][INFO] Trying to bind to addr: 0.0.0.0:9001
[2017-10-23][18:59:45:744620765][tectonic_server::server][WARN] Autoflush is off!
[2017-10-23][18:59:45:744679250][tectonic_server::server][DEBUG] Autoflush is false: every 1000 inserts.
[2017-10-23][18:59:45:744766874][tectonic_server::server][INFO] Listening on addr: 0.0.0.0:9001
[2017-10-23][18:59:45:749306514][tectonic_server::server][INFO] Current total count: 0
[2017-10-23][19:01:35:037889786][tectonic_server::server][INFO] Trying to bind to addr: 0.0.0.0:9001
[2017-10-23][19:01:35:038009356][tectonic_server::server][WARN] Autoflush is off!
[2017-10-23][19:01:35:038069695][tectonic_server::server][DEBUG] Autoflush is false: every 1000 inserts.
[2017-10-23][19:01:35:038149755][tectonic_server::server][INFO] Listening on addr: 0.0.0.0:9001
[2017-10-23][19:01:35:042167780][tectonic_server::server][INFO] Current total count: 0
[2017-10-23][19:02:31:608859350][tectonic_server::server][INFO] Trying to bind to addr: 0.0.0.0:9001
[2017-10-23][19:02:31:608977927][tectonic_server::server][WARN] Autoflush is off!
[2017-10-23][19:02:31:609035767][tectonic_server::server][DEBUG] Autoflush is false: every 1000 inserts.
[2017-10-23][19:02:31:609107395][tectonic_server::server][INFO] Listening on addr: 0.0.0.0:9001
[2017-10-23][19:02:31:614223905][tectonic_server::server][INFO] Current total count: 0
[2017-10-23][19:03:05:039559348][tectonic_server::server][INFO] Trying to bind to addr: 0.0.0.0:9001
[2017-10-23][19:03:05:039709103][tectonic_server::server][WARN] Autoflush is off!
[2017-10-23][19:03:05:039791850][tectonic_server::server][DEBUG] Autoflush is false: every 1000 inserts.
[2017-10-23][19:03:05:039926851][tectonic_server::server][INFO] Listening on addr: 0.0.0.0:9001
[2017-10-23][19:03:05:044739746][tectonic_server::server][INFO] Current total count: 0
[2017-10-23][19:03:06:045156181][tectonic_server::server][INFO] Current total count: 0
[2017-10-23][19:03:07:045912133][tectonic_server::server][INFO] Current total count: 0
[2017-10-23][19:03:13:256868940][tectonic_server::server][INFO] Trying to bind to addr: 0.0.0.0:9001
[2017-10-23][19:03:13:256985684][tectonic_server::server][WARN] Autoflush is off!
[2017-10-23][19:03:13:257065845][tectonic_server::server][DEBUG] Autoflush is false: every 1000 inserts.
[2017-10-23][19:03:13:257167396][tectonic_server::server][INFO] Listening on addr: 0.0.0.0:9001
[2017-10-23][19:03:13:261458705][tectonic_server::server][INFO] Current total count: 0
[2017-10-23][19:03:14:261833186][tectonic_server::server][INFO] Current total count: 0
[2017-10-23][19:03:15:262594638][tectonic_server::server][INFO] Current total count: 0
[2017-10-23][19:03:16:263215702][tectonic_server::server][INFO] Current total count: 0
[2017-10-23][19:03:17:263794956][tectonic_server::server][INFO] Current total count: 0
[2017-10-23][19:03:18:264542286][tectonic_server::server][INFO] Current total count: 0
[2017-10-23][19:03:19:265004356][tectonic_server::server][INFO] Current total count: 0
[2017-10-23][19:03:20:265745810][tectonic_server::server][INFO] Current total count: 0
[2017-10-23][19:03:21:266282163][tectonic_server::server][INFO] Current total count: 0
[2017-10-23][19:03:22:266660208][tectonic_server::server][INFO] Current total count: 0
[2017-10-23][19:03:23:267037410][tectonic_server::server][INFO] Current total count: 0
[2017-10-23][19:03:24:267449437][tectonic_server::server][INFO] Current total count: 0
[2017-10-23][19:03:25:268196061][tectonic_server::server][INFO] Current total count: 0
[2017-10-23][19:03:26:268571741][tectonic_server::server][INFO] Current total count: 0
[2017-10-23][19:03:27:268941467][tectonic_server::server][INFO] Current total count: 0
[2017-10-23][19:03:28:269543721][tectonic_server::server][INFO] Current total count: 0
[2017-10-23][19:03:29:270183904][tectonic_server::server][INFO] Current total count: 0
[2017-10-23][19:03:30:270887601][tectonic_server::server][INFO] Current total count: 0
[2017-10-23][19:03:31:271486765][tectonic_server::server][INFO] Current total count: 0
[2017-10-23][19:03:32:271980880][tectonic_server::server][INFO] Current total count: 0
[2017-10-23][19:03:33:272618738][tectonic_server::server][INFO] Current total count: 0
[2017-10-23][19:03:34:273040976][tectonic_server::server][INFO] Current total count: 0
[2017-10-23][19:03:35:273774111][tectonic_server::server][INFO] Current total count: 0
[2017-10-23][19:03:36:274004154][tectonic_server::server][INFO] Current total count: 0
[2017-10-23][19:03:37:274433240][tectonic_server::server][INFO] Current total count: 0
[2017-10-23][19:03:38:275281778][tectonic_server::server][INFO] Current total count: 0
[2017-10-23][19:03:39:275987771][tectonic_server::server][INFO] Current total count: 0
[2017-10-23][19:03:40:276747750][tectonic_server::server][INFO] Current total count: 0
[2017-10-23][19:03:41:277109211][tectonic_server::server][INFO] Current total count: 0
[2017-10-23][19:03:42:277888873][tectonic_server::server][INFO] Current total count: 0
[2017-10-23][19:03:43:278794585][tectonic_server::server][INFO] Current total count: 0
[2017-10-23][19:03:44:279908191][tectonic_server::server][INFO] Current total count: 0
[2017-10-23][19:03:45:280422783][tectonic_server::server][INFO] Current total count: 0
[2017-10-23][19:03:46:281339066][tectonic_server::server][INFO] Current total count: 0
[2017-10-23][19:03:47:282245961][tectonic_server::server][INFO] Current total count: 0
[2017-10-23][19:03:48:282965397][tectonic_server::server][INFO] Current total count: 0
[2017-10-23][19:03:49:283299552][tectonic_server::server][INFO] Current total count: 0
[2017-10-23][19:03:50:283762370][tectonic_server::server][INFO] Current total count: 0
[2017-10-23][19:03:51:284739757][tectonic_server::server][INFO] Current total count: 0
[2017-10-23][19:03:52:285257205][tectonic_server::server][INFO] Current total count: 0
[2017-10-23][19:03:53:285612048][tectonic_server::server][INFO] Current total count: 0
[2017-10-23][19:03:54:286472036][tectonic_server::server][INFO] Current total count: 0
[2017-10-23][19:03:55:287111784][tectonic_server::server][INFO] Current total count: 0
[2017-10-23][19:03:56:287720067][tectonic_server::server][INFO] Current total count: 0
[2017-10-23][19:03:57:287971111][tectonic_server::server][INFO] Current total count: 0
[2017-10-23][19:03:58:288222359][tectonic_server::server][INFO] Current total count: 0
[2017-10-23][19:03:59:288640946][tectonic_server::server][INFO] Current total count: 0
[2017-10-23][19:04:00:289327867][tectonic_server::server][INFO] Current total count: 0
[2017-10-23][19:04:01:289990973][tectonic_server::server][INFO] Current total count: 0
[2017-10-23][19:04:02:290629805][tectonic_server::server][INFO] Current total count: 0
[2017-10-23][19:04:03:291157443][tectonic_server::server][INFO] Current total count: 0
[2017-10-23][19:04:04:292034517][tectonic_server::server][INFO] Current total count: 0
[2017-10-23][19:04:05:292782384][tectonic_server::server][INFO] Current total count: 0
[2017-10-23][19:04:06:293334990][tectonic_server::server][INFO] Current total count: 0
[2017-10-23][19:04:07:293975107][tectonic_server::server][INFO] Current total count: 0
[2017-10-23][19:04:08:294256533][tectonic_server::server][INFO] Current total count: 0
[2017-10-23][19:04:09:294620631][tectonic_server::server][INFO] Current total count: 0
[2017-10-23][19:04:10:295379691][tectonic_server::server][INFO] Current total count: 0
[2017-10-23][19:04:11:295821432][tectonic_server::server][INFO] Current total count: 0
[2017-10-23][19:04:12:296611376][tectonic_server::server][INFO] Current total count: 0
[2017-10-23][19:04:13:297060420][tectonic_server::server][INFO] Current total count: 0
[2017-10-23][19:18:23:152528196][tectonic_server::server][INFO] Trying to bind to addr: 0.0.0.0:9001
[2017-10-23][19:18:23:152913901][tectonic_server::server][WARN] Autoflush is off!
[2017-10-23][19:18:23:153124532][tectonic_server::server][DEBUG] Autoflush is false: every 1000 inserts.
[2017-10-23][19:18:23:153349594][tectonic_server::server][INFO] Listening on addr: 0.0.0.0:9001
[2017-10-23][19:18:23:159762277][tectonic_server::server][INFO] Current total count: 0
[2017-10-23][19:18:24:160098743][tectonic_server::server][INFO] Current total count: 0
[2017-10-23][19:18:25:160816486][tectonic_server::server][INFO] Current total count: 0
